Qflow file migration output log Fri Sep 21 16:12:27 2018

Magic 8.1 revision 217 - Compiled on Do Sep 20 15:36:24 CEST 2018.
Starting magic under Tcl interpreter
Using the terminal as the console.
Using NULL graphics device.
Processing system .magicrc file
Input style lambda=0.10(p): scaleFactor=10, multiplier=1
Contact size value ignored (using GDS generation rules).
Contact size value ignored (using GDS generation rules).
Contact size value ignored (using GDS generation rules).
Contact size value ignored (using GDS generation rules).
Contact size value ignored (using GDS generation rules).
Contact size value ignored (using GDS generation rules).
Using technology "scmos", version 2001a
Root cell box:
           width x height  (   llx,  lly  ), (   urx,  ury  )

microns:    0.00 x 0.00    (  0.00,  0.00 ), (  0.00,  0.00 )
lambda:        0 x 0       (     0,  0    ), (     0,  0    )
Reading LEF data from file /usr/local/share/qflow/tech/osu018/osu018_stdcells.lef.
This action cannot be undone.
LEF file:  Defines site core (ignored)
Moving label "CLK" from metal1 to m2contact in cell DFFNEGX1.
Moving label "CLK" from metal1 to m2contact in cell DFFNEGX1.
Moving label "YC" from metal2 to m2contact in cell HAX1.
Moving label "A" from metal1 to m2contact in cell XNOR2X1.
Moving label "A" from metal2 to m2contact in cell XNOR2X1.
Moving label "A" from metal2 to m2contact in cell XNOR2X1.
LEF read: Processed 2941 lines.
LEF Read: encountered 2 errors total.
Reading DEF data from file /home/david/Documents/BFCPU/Brainfuck_CPU/qflow/layout/BFCPU.def.
This action cannot be undone.
  Processed 546 subcell instances total.
  Processed 92 pins total.
  Processed 512 nets total.
  Processed 99 special nets total.
  Processed 2 special nets total.
DEF read: Processed 6912 lines.
Generating LEF output BFCPU.lef for cell BFCPU:
Diagnostic:  Write LEF header for cell BFCPU
Diagnostic:  Writing LEF output for cell BFCPU
Diagnostic:  Scale value is 0.100000
/usr/local/share/qflow/tech/osu018/SCN6M_SUBM.10.tech: line 8209: section drc:
	OK types "space" in more than one plane.
	Assuming same plane (active) as edge.
LEF Read, Line 16: Unknown keyword "OBS" in LEF file; ignoring.
LEF Read, Line 17: Unknown keyword "PIN" in LEF file; ignoring.
