Qflow placement logfile created on Sa Sep 22 09:59:29 CEST 2018
Running blif2cel to generate input files for graywolf
blif2cel.tcl --blif /home/david/Documents/BFCPU/Brainfuck_CPU/qflow/synthesis/BFCPU.blif --lef /usr/local/share/qflow/tech/osu018/osu018_stdcells.lef --cel /home/david/Documents/BFCPU/Brainfuck_CPU/qflow/layout/BFCPU.cel
Opened BLIF file (/home/david/Documents/BFCPU/Brainfuck_CPU/qflow/synthesis/BFCPU.blif) for reading ...
Opened CEL file (/home/david/Documents/BFCPU/Brainfuck_CPU/qflow/layout/BFCPU.cel) for writing...
Loaded /usr/local/share/qflow/tech/osu018/osu018_stdcells.lef file for reading...
1st pass of blif file /home/david/Documents/BFCPU/Brainfuck_CPU/qflow/synthesis/BFCPU.blif. . .
Reading macros and/or technology data from LEF file. . .
LEF file specifies route layer Y pitch as 1
LEF file specifies route layer X pitch as 0.8
Parsing macro AND2X2
Parsing macro AOI21X1
Parsing macro AOI22X1
Parsing macro BUFX2
Parsing macro BUFX4
Parsing macro NOR3X1
Parsing macro DFFPOSX1
Parsing macro INVX1
Parsing macro INVX2
Parsing macro INVX4
Parsing macro INVX8
Parsing macro NAND2X1
Parsing macro NAND3X1
Parsing macro NOR2X1
Parsing macro OAI21X1
Parsing macro OAI22X1
Parsing macro OR2X2
Parsing macro XOR2X1
Parsing macro MUX2X1
Parsing macro XNOR2X1
2nd pass of blif file. . .
3rd pass of blif file. . .
Done!
No BFCPU.cel2 file found for project. . . continuing without pin placement hints
Running GrayWolf placement
graywolf  BFCPU

twflow version:2.1 date:Mon May 25 21:15:08 EDT 1992
Authors: Bill Swartz, Carl Sechen
         Yale University

syntax version:v1.1 date:Mon May 25 21:11:10 EDT 1992
TimberWolf System Syntax Checker
Authors: Carl Sechen, Kai-Win Lee, Bill Swartz,
         Dahe Chen, and Jimmy Lam
         Yale University

Read   50 objects so far...
Read  100 objects so far...
Read  150 objects so far...
Read  200 objects so far...
Read  250 objects so far...
Read  300 objects so far...
Read  350 objects so far...
Read  400 objects so far...
Read  450 objects so far...
Read  500 objects so far...
Read  550 objects so far...
No syntax errors were found

syntax terminated normally with no errors and 0 warning[s]


----------------------------
Total stdcells     :480
Total cell width   :1.72e+05
Total cell height  :4.80e+05
Total cell area    :1.72e+08
Total core area    :1.72e+08
Average cell height:1.00e+03


nocut - replacement for Mincut version:v1.0 date:Mon May 25 21:09:40 EDT 1992
TimberWolf System Floorplan Setup Program
Authors: Carl Sechen, Bill Swartz,
         Yale University

Read   50 objects so far...
Read  100 objects so far...
Read  150 objects so far...
Read  200 objects so far...
Read  250 objects so far...
Read  300 objects so far...
Read  350 objects so far...
Read  400 objects so far...
Read  450 objects so far...
Read  500 objects so far...
Read  550 objects so far...
Splitting BFCPU.cel into BFCPU.scel and BFCPU.mcel...
	done!


nocut - replacement for Mincut terminated normally with no errors and 0 warning[s]


TimberWolfMC version:v2.2 date:Mon May 25 21:18:34 EDT 1992
Authors: Carl Sechen, Bill Swartz, Kai-Win Lee
         Dahe Chen, and Jimmy Lam
         Yale University

config version:v1.0 date:Mon May 25 20:57:18 EDT 1992
Row configuration program
    Yale University


config switches:
	Graphics mode on
	config will inherit window



config terminated normally with no errors and 0 warning[s]

WARNING[space_pins]:overflow for cell:1 pin:pin54
WARNING[space_pins]:overflow for cell:1 pin:pin55
WARNING[space_pins]:overflow for cell:1 pin:pin56
WARNING[space_pins]:overflow for cell:1 pin:pin57
WARNING[space_pins]:overflow for cell:1 pin:pin58
WARNING[space_pins]:overflow for cell:1 pin:pin59
WARNING[space_pins]:overflow for cell:1 pin:pin60

TimberWolfMC terminated normally with no errors and 7 warning[s]



TimberWolfSC switches:
	Graphics mode on
	TimberWolfSC will inherit window

TimberWolfSC version:v6.0 date:Mon May 25 21:19:07 EDT 1992
Row-Based Placement and Global Routing Program
Authors: Carl Sechen, Kai-Win Lee, and Bill Swartz,
         Yale University
  0 
  1   2   3   4   5   6   7   8   9  10  11  12  13  14  15 
 16  17  18  19  20  21  22  23  24  25  26  27  28  29  30 
 31  32  33  34  35  36  37  38  39  40  41  42  43  44  45 
 46  47  48  49  50  51  52  53  54  55  56  57  58  59  60 
 61  62  63  64  65  66  67  68  69  70  71  72  73  74  75 
 76  77  78  79  80  81  82  83  84  85  86  87  88  89  90 
 91  92  93  94  95  96  97  98  99 100 101 102 103 104 105 
106 107 108 109 110 111 112 113 114 115 116 117 118 119 120 
121 122 123 124 125 126 127 128 129 130 131 132 133 134 135 
136 137 138 139 140 141 142 143 144 145 146 147 148 149 150 
151 152 153 154 155 156 157 158 
 block left edge is at -239
 the longest block length is 15200
 building the steiner trees
 rebuilding the steiner tree

----start doing coarse global routing ------ 
 ITERATION  1

  longest Row is:11   Its length is:14480
 doing feed-through pins assignment
 building the net-tree now !
 set up the global routing grids
 the starting value of tracks =   99
 tracks =  88 at attempts =  1000
 tracks =  88 at attempts =  2000
 tracks =  88 at attempts =  3000
 tracks =  88 at attempts =  4000
 tracks =  88 at attempts =  5000
 tracks =  88 at attempts =  6000
 tracks =  88 at attempts =  7000
 tracks =  88 at attempts =  8000
 tracks =  88 at attempts =  9000
 tracks =  88 at attempts = 10000
 tracks =  88 at attempts = 11000
 tracks =  88 at attempts = 12000
 removing redundant feed-through pins
 the connectivity of all the nets is verified

 block left edge is at -239
 the longest block length is 15200
 building the steiner trees
 rebuilding the steiner tree

----start doing coarse global routing ------ 
 ITERATION  1

  longest Row is:11   Its length is:14480
 doing feed-through pins assignment
 building the net-tree now !
 set up the global routing grids
 the starting value of tracks =  102
 tracks =  87 at attempts =  1000
 tracks =  86 at attempts =  2000
 tracks =  85 at attempts =  3000
 tracks =  85 at attempts =  4000
 tracks =  85 at attempts =  5000
 tracks =  85 at attempts =  6000
 tracks =  85 at attempts =  7000
 tracks =  85 at attempts =  8000
 tracks =  85 at attempts =  9000
 tracks =  85 at attempts = 10000
 tracks =  85 at attempts = 11000
 tracks =  85 at attempts = 12000
 removing redundant feed-through pins
 the connectivity of all the nets is verified

 block left edge is at -239
 the longest block length is 15200
 building the steiner trees
 rebuilding the steiner tree

----start doing coarse global routing ------ 
 ITERATION  1

  longest Row is:11   Its length is:14480
 doing feed-through pins assignment
 building the net-tree now !
 set up the global routing grids
 the starting value of tracks =  100
 tracks =  89 at attempts =  1000
 tracks =  87 at attempts =  2000
 tracks =  87 at attempts =  3000
 tracks =  85 at attempts =  4000
 tracks =  85 at attempts =  5000
 tracks =  85 at attempts =  6000
 tracks =  85 at attempts =  7000
 tracks =  85 at attempts =  8000
 tracks =  85 at attempts =  9000
 tracks =  85 at attempts = 10000
 tracks =  85 at attempts = 11000
 tracks =  85 at attempts = 12000
 removing redundant feed-through pins
 the connectivity of all the nets is verified

 block left edge is at -239
 the longest block length is 15200
 building the steiner trees
 rebuilding the steiner tree

----start doing coarse global routing ------ 
 ITERATION  1

  longest Row is:11   Its length is:14480
 doing feed-through pins assignment
 building the net-tree now !
 set up the global routing grids
 the starting value of tracks =  116
 tracks = 114 at attempts =  1000
 tracks = 114 at attempts =  2000
 tracks = 114 at attempts =  3000
 tracks = 114 at attempts =  4000
 tracks = 114 at attempts =  5000
 tracks = 114 at attempts =  6000
 tracks = 114 at attempts =  7000
 tracks = 114 at attempts =  8000
 tracks = 114 at attempts =  9000
 tracks = 114 at attempts = 10000
 tracks = 114 at attempts = 11000
 tracks = 114 at attempts = 12000
 removing redundant feed-through pins
 the connectivity of all the nets is verified

 block left edge is at -239
 the longest block length is 15200
 building the steiner trees
 rebuilding the steiner tree

----start doing coarse global routing ------ 
 ITERATION  1

  longest Row is:11   Its length is:14480
 doing feed-through pins assignment
 building the net-tree now !
 set up the global routing grids
 the starting value of tracks =  101
 tracks =  90 at attempts =  1000
 tracks =  87 at attempts =  2000
 tracks =  87 at attempts =  3000
 tracks =  87 at attempts =  4000
 tracks =  87 at attempts =  5000
 tracks =  87 at attempts =  6000
 tracks =  87 at attempts =  7000
 tracks =  87 at attempts =  8000
 tracks =  87 at attempts =  9000
 tracks =  87 at attempts = 10000
 tracks =  87 at attempts = 11000
 tracks =  87 at attempts = 12000
 removing redundant feed-through pins
 the connectivity of all the nets is verified

 block left edge is at -239
 the longest block length is 15200
 building the steiner trees
 rebuilding the steiner tree

----start doing coarse global routing ------ 
 ITERATION  1

  longest Row is:11   Its length is:14480
 doing feed-through pins assignment
 building the net-tree now !
 set up the global routing grids
 the starting value of tracks =  103
 tracks =  90 at attempts =  1000
 tracks =  89 at attempts =  2000
 tracks =  87 at attempts =  3000
 tracks =  87 at attempts =  4000
 tracks =  87 at attempts =  5000
 tracks =  87 at attempts =  6000
 tracks =  87 at attempts =  7000
 tracks =  87 at attempts =  8000
 tracks =  87 at attempts =  9000
 tracks =  87 at attempts = 10000
 tracks =  87 at attempts = 11000
 tracks =  87 at attempts = 12000
 removing redundant feed-through pins
 the connectivity of all the nets is verified

 block left edge is at -239
 the longest block length is 15200
 building the steiner trees
 rebuilding the steiner tree

----start doing coarse global routing ------ 
 ITERATION  1

  longest Row is:11   Its length is:14480
 doing feed-through pins assignment
 building the net-tree now !
 set up the global routing grids
 the starting value of tracks =  100
 tracks =  92 at attempts =  1000
 tracks =  89 at attempts =  2000
 tracks =  88 at attempts =  3000
 tracks =  88 at attempts =  4000
 tracks =  88 at attempts =  5000
 tracks =  88 at attempts =  6000
 tracks =  88 at attempts =  7000
 tracks =  88 at attempts =  8000
 tracks =  88 at attempts =  9000
 tracks =  88 at attempts = 10000
 tracks =  88 at attempts = 11000
 tracks =  88 at attempts = 12000
 removing redundant feed-through pins
 the connectivity of all the nets is verified

 block left edge is at -239
 the longest block length is 15200
 building the steiner trees
 rebuilding the steiner tree

----start doing coarse global routing ------ 
 ITERATION  1

  longest Row is:11   Its length is:14480
 doing feed-through pins assignment
 building the net-tree now !
 set up the global routing grids
 the starting value of tracks =  116
 tracks = 113 at attempts =  1000
 tracks = 113 at attempts =  2000
 tracks = 113 at attempts =  3000
 tracks = 113 at attempts =  4000
 tracks = 113 at attempts =  5000
 tracks = 113 at attempts =  6000
 tracks = 113 at attempts =  7000
 tracks = 113 at attempts =  8000
 tracks = 113 at attempts =  9000
 tracks = 113 at attempts = 10000
 tracks = 113 at attempts = 11000
 tracks = 113 at attempts = 12000
 removing redundant feed-through pins
 the connectivity of all the nets is verified


***********************************************
*ACTUAL* FINAL NUMBER OF ROUTING TRACKS: 85
***********************************************


TimberWolfSC terminated normally with no errors and 0 warning[s]


twflow terminated normally with no errors and 0 warning[s]

Running getfillcell to determine cell to use for fill.
getfillcell.tcl BFCPU /usr/local/share/qflow/tech/osu018/osu018_stdcells.lef FILL
Using cell FILL for fill
Running place2def to translate graywolf output to DEF format.
place2def.tcl BFCPU FILL 
Running place2def.tcl
DEF database: centimicrons
Limits: xbot = -535.0 ybot = -465.0 xtop = 14535.0 ytop = 12065.0
Core values: 40.0 50.0 14520.0 12050.0
Offsets: 40.0 50.0
6 routing layers
126 horizontal tracks from -300.0 to 12300.0 step 100 (M1, M3, ...)
189 vertical tracks from -320.0 to 14800.0 step 80.0 (M2, M4, ...)
Done with place2def.tcl
Running addspacers to generate power stripes and align cell right edge
addspacers.tcl -stripe 2.0 50.0 PG BFCPU /usr/local/share/qflow/tech/osu018/osu018_stdcells.lef FILL
Reading FILL macros from LEF file.
Reading DEF file BFCPU.def. . .
Number of rows is 12
Longest row has width 145.2 um
addspacers:  Inserting 2 stripes of width 1.6 um (2.0 um requested)
  Pitch 49.6 um, offset 47.2 um
stretch:  Number of components is 546
Analysis of DEF file:
Number of components = 480
New number of components = 546
Number of rows = 12
Stripe width 160 fits 3 M2_M1 at cut width 20.0 separation 30.0
Stripe width 160 fits 3 M3_M2 at cut width 20.0 separation 30.0
Stripe width 160 fits 2 M4_M3 at cut width 20.0 separation 40.0
Stripe width 160 fits 3 M5_M4 at cut width 20.0 separation 30.0
Stripe width 160 fits 2 M6_M5 at cut width 30.0 separation 40.0
Adjusting obstructions for power striping
Done with addspacers.tcl
blifanno.tcl /home/david/Documents/BFCPU/Brainfuck_CPU/qflow/synthesis/BFCPU.blif BFCPU.def /home/david/Documents/BFCPU/Brainfuck_CPU/qflow/synthesis/BFCPU_anno.blif
Running blifanno.tcl
Reading DEF file BFCPU.def. . .
Done with blifanno.tcl

Generating RTL verilog and SPICE netlist file in directory
   /home/david/Documents/BFCPU/Brainfuck_CPU/qflow/synthesis
Files:
   Verilog: /home/david/Documents/BFCPU/Brainfuck_CPU/qflow/synthesis/BFCPU.rtl.v
   Verilog: /home/david/Documents/BFCPU/Brainfuck_CPU/qflow/synthesis/BFCPU.rtlnopwr.v
   Spice:   /home/david/Documents/BFCPU/Brainfuck_CPU/qflow/synthesis/BFCPU.spc

Running blif2Verilog.
Running blif2BSpice.
Placement script ended on Sa Sep 22 09:59:35 CEST 2018
